0 info it worked if it ends with ok
1 verbose cli [ 'node',
1 verbose cli   '/usr/local/bin/npm',
1 verbose cli   'install',
1 verbose cli   '--save-dev',
1 verbose cli   'grunt_run' ]
2 info using npm@1.4.28
3 info using node@v0.10.35
4 warn package.json playlister@1.0.0 No description
5 warn package.json playlister@1.0.0 No README data
6 verbose readDependencies using package.json deps
7 verbose cache add [ 'grunt_run', null ]
8 verbose cache add name=undefined spec="grunt_run" args=["grunt_run",null]
9 verbose parsed url { protocol: null,
9 verbose parsed url   slashes: null,
9 verbose parsed url   auth: null,
9 verbose parsed url   host: null,
9 verbose parsed url   port: null,
9 verbose parsed url   hostname: null,
9 verbose parsed url   hash: null,
9 verbose parsed url   search: null,
9 verbose parsed url   query: null,
9 verbose parsed url   pathname: 'grunt_run',
9 verbose parsed url   path: 'grunt_run',
9 verbose parsed url   href: 'grunt_run' }
10 silly lockFile 7cd0613c-grunt-run grunt_run
11 verbose lock grunt_run /Users/Mimmo/.npm/7cd0613c-grunt-run.lock
12 silly lockFile 7cd0613c-grunt-run grunt_run
13 silly lockFile 7cd0613c-grunt-run grunt_run
14 verbose addNamed [ 'grunt_run', '' ]
15 verbose addNamed [ null, '*' ]
16 silly lockFile 748ec65a-grunt-run grunt_run@
17 verbose lock grunt_run@ /Users/Mimmo/.npm/748ec65a-grunt-run.lock
18 silly addNameRange { name: 'grunt_run', range: '*', hasData: false }
19 verbose request where is /grunt_run
20 verbose request registry https://registry.npmjs.org/
21 verbose request id 723a6958f4c434f0
22 verbose url raw /grunt_run
23 verbose url resolving [ 'https://registry.npmjs.org/', './grunt_run' ]
24 verbose url resolved https://registry.npmjs.org/grunt_run
25 verbose request where is https://registry.npmjs.org/grunt_run
26 info trying registry request attempt 1 at 15:02:38
27 http GET https://registry.npmjs.org/grunt_run
28 http 404 https://registry.npmjs.org/grunt_run
29 verbose headers { date: 'Mon, 02 Mar 2015 15:02:39 GMT',
29 verbose headers   server: 'CouchDB/1.5.0 (Erlang OTP/R16B03)',
29 verbose headers   'content-type': 'application/json',
29 verbose headers   'cache-control': 'max-age=0',
29 verbose headers   'content-length': '52',
29 verbose headers   'accept-ranges': 'bytes',
29 verbose headers   via: '1.1 varnish',
29 verbose headers   age: '0',
29 verbose headers   'x-served-by': 'cache-ams4140-AMS',
29 verbose headers   'x-cache': 'MISS',
29 verbose headers   'x-cache-hits': '0',
29 verbose headers   'x-timer': 'S1425308558.874181,VS0,VE658',
29 verbose headers   'keep-alive': 'timeout=10, max=50',
29 verbose headers   connection: 'Keep-Alive' }
30 silly registry.get cb [ 404,
30 silly registry.get   { date: 'Mon, 02 Mar 2015 15:02:39 GMT',
30 silly registry.get     server: 'CouchDB/1.5.0 (Erlang OTP/R16B03)',
30 silly registry.get     'content-type': 'application/json',
30 silly registry.get     'cache-control': 'max-age=0',
30 silly registry.get     'content-length': '52',
30 silly registry.get     'accept-ranges': 'bytes',
30 silly registry.get     via: '1.1 varnish',
30 silly registry.get     age: '0',
30 silly registry.get     'x-served-by': 'cache-ams4140-AMS',
30 silly registry.get     'x-cache': 'MISS',
30 silly registry.get     'x-cache-hits': '0',
30 silly registry.get     'x-timer': 'S1425308558.874181,VS0,VE658',
30 silly registry.get     'keep-alive': 'timeout=10, max=50',
30 silly registry.get     connection: 'Keep-Alive' } ]
31 silly lockFile 748ec65a-grunt-run grunt_run@
32 silly lockFile 748ec65a-grunt-run grunt_run@
33 error 404 404 Not Found: grunt_run
33 error 404
33 error 404 'grunt_run' is not in the npm registry.
33 error 404 You should bug the author to publish it
33 error 404 It was specified as a dependency of 'playlister'
33 error 404
33 error 404 Note that you can also install from a
33 error 404 tarball, folder, or http url, or git url.
34 error System Darwin 14.1.0
35 error command "node" "/usr/local/bin/npm" "install" "--save-dev" "grunt_run"
36 error cwd /Users/Mimmo/Projects/playlister
37 error node -v v0.10.35
38 error npm -v 1.4.28
39 error code E404
40 verbose exit [ 1, true ]
